
################################################################
[1m[32mInstall script for stable-diffusion + Web UI
[1m[34mTested on Debian 11 (Bullseye), Fedora 34+ and openSUSE Leap 15.4 or newer.[0m
################################################################

################################################################
Running on [1m[32mvile[0m user
################################################################

################################################################
Repo already cloned, using it as install directory
################################################################

################################################################
Create and activate python venv
################################################################

################################################################
Launching launch.py...
################################################################
Python 3.10.20 (main, Mar  3 2026, 09:24:47) [GCC 13.3.0]
Version: f2.0.1v1.10.1-v1.10.1-2-gd6e88974e
Commit hash: d6e88974ef2a41aab328a8ca47aecebfd463d5c3
Legacy Preprocessor init warning: Unable to install insightface automatically. Please try run `pip install insightface` manually.
Launching Web UI with arguments: --listen --port 7860 --xformers --no-half-vae --precision full --listen --api --opt-sdp-attention --no-half-vae --disable-xformers
