
################################################################
[1m[32mInstall script for stable-diffusion + Web UI
[1m[34mTested on Debian 11 (Bullseye), Fedora 34+ and openSUSE Leap 15.4 or newer.[0m
################################################################

################################################################
Running on [1m[32mvile[0m user
################################################################

################################################################
Repo already cloned, using it as install directory
################################################################

################################################################
Create and activate python venv
################################################################

################################################################
Launching launch.py...
################################################################
Python 3.10.20 (main, Mar  3 2026, 09:24:47) [GCC 13.3.0]
Version: f2.0.1v1.10.1-v1.10.1-3-g781d188fa
Commit hash: 781d188fa8e629d94e2b50842536f9dc181a31e1
Installing requirements
Legacy Preprocessor init warning: Unable to install insightface automatically. Please try run `pip install insightface` manually.
Launching Web UI with arguments: --listen --port 7862 --xformers --always-offload-from-vram --listen --api --opt-sdp-attention --no-half-vae --disable-xformers
Total VRAM 11901 MB, total RAM 31994 MB
pytorch version: 2.11.0+cu130
Set vram state to: NORMAL_VRAM
Always offload VRAM
Device: cuda:0 NVIDIA GeForce RTX 3060 : native
Hint: your device supports --cuda-malloc for potential speed improvements.
VAE dtype preferences: [torch.bfloat16, torch.float32] -> torch.bfloat16
CUDA Using Stream: False
WARNING:bitsandbytes.cextension:Could not find the bitsandbytes CUDA binary at PosixPath('/home/vile/stable-diffusion-webui/venv/lib/python3.10/site-packages/bitsandbytes/libbitsandbytes_cuda130.so')
WARNING:bitsandbytes.cextension:The installed version of bitsandbytes was compiled without GPU support. 8-bit optimizers, 8-bit multiplication, and GPU quantization are unavailable.
Using pytorch cross attention
Using pytorch attention for VAE
WARNING:xformers:WARNING[XFORMERS]: xFormers can't load C++/CUDA extensions. xFormers was built for:
    PyTorch 2.3.1+cu121 with CUDA 1201 (you have 2.11.0+cu130)
    Python  3.10.14 (you have 3.10.20)
  Please reinstall xformers (see https://github.com/facebookresearch/xformers#installing-xformers)
  Memory-efficient attention, SwiGLU, sparse and more won't be available.
  Set XFORMERS_MORE_DETAILS=1 for more details
*** Error running preload() for /home/vile/stable-diffusion-webui/extensions/sd-webui-e621-tagger/preload.py
    Traceback (most recent call last):
      File "/home/vile/stable-diffusion-webui/modules/script_loading.py", line 30, in preload_extensions
        module = load_module(preload_script)
      File "/home/vile/stable-diffusion-webui/modules/script_loading.py", line 13, in load_module
        module_spec.loader.exec_module(module)
      File "<frozen importlib._bootstrap_external>", line 883, in exec_module
      File "<frozen importlib._bootstrap>", line 241, in _call_with_frames_removed
      File "/home/vile/stable-diffusion-webui/extensions/sd-webui-e621-tagger/preload.py", line 4, in <module>
        from modules.shared import models_path
    ImportError: cannot import name 'models_path' from partially initialized module 'modules.shared' (most likely due to a circular import) (/home/vile/stable-diffusion-webui/modules/shared.py)

---
Traceback (most recent call last):
  File "/home/vile/stable-diffusion-webui/launch.py", line 48, in <module>
    main()
  File "/home/vile/stable-diffusion-webui/launch.py", line 44, in main
    start()
  File "/home/vile/stable-diffusion-webui/modules/launch_utils.py", line 546, in start
    import webui
  File "/home/vile/stable-diffusion-webui/webui.py", line 13, in <module>
    initialize.imports()
  File "/home/vile/stable-diffusion-webui/modules/initialize.py", line 32, in imports
    from modules import processing, gradio_extensions, ui  # noqa: F401
  File "/home/vile/stable-diffusion-webui/modules/processing.py", line 19, in <module>
    from modules import devices, prompt_parser, masking, sd_samplers, lowvram, infotext_utils, extra_networks, sd_vae_approx, scripts, sd_samplers_common, sd_unet, errors, rng, profiling
  File "/home/vile/stable-diffusion-webui/modules/sd_samplers.py", line 5, in <module>
    from modules import sd_samplers_kdiffusion, sd_samplers_timesteps, sd_samplers_lcm, shared, sd_samplers_common, sd_schedulers
  File "/home/vile/stable-diffusion-webui/modules/sd_samplers_kdiffusion.py", line 3, in <module>
    import k_diffusion.sampling
  File "/home/vile/stable-diffusion-webui/k_diffusion/sampling.py", line 10, in <module>
    from backend.modules.k_prediction import PredictionFlux
  File "/home/vile/stable-diffusion-webui/backend/modules/k_prediction.py", line 6, in <module>
    from diffusers.pipelines.flux.pipeline_flux import calculate_shift
  File "/home/vile/stable-diffusion-webui/venv/lib/python3.10/site-packages/diffusers/pipelines/flux/pipeline_flux.py", line 24, in <module>
    from ...models.autoencoders import AutoencoderKL
  File "/home/vile/stable-diffusion-webui/venv/lib/python3.10/site-packages/diffusers/models/autoencoders/__init__.py", line 1, in <module>
    from .autoencoder_asym_kl import AsymmetricAutoencoderKL
  File "/home/vile/stable-diffusion-webui/venv/lib/python3.10/site-packages/diffusers/models/autoencoders/autoencoder_asym_kl.py", line 23, in <module>
    from .vae import DecoderOutput, DiagonalGaussianDistribution, Encoder, MaskConditionDecoder
  File "/home/vile/stable-diffusion-webui/venv/lib/python3.10/site-packages/diffusers/models/autoencoders/vae.py", line 24, in <module>
    from ..attention_processor import SpatialNorm
  File "/home/vile/stable-diffusion-webui/venv/lib/python3.10/site-packages/diffusers/models/attention_processor.py", line 35, in <module>
    import xformers.ops
  File "/home/vile/stable-diffusion-webui/venv/lib/python3.10/site-packages/xformers/ops/__init__.py", line 8, in <module>
    from .fmha import (
  File "/home/vile/stable-diffusion-webui/venv/lib/python3.10/site-packages/xformers/ops/fmha/__init__.py", line 12, in <module>
    from . import ck, ck_decoder, ck_splitk, cutlass, decoder, flash, small_k, triton_splitk
  File "/home/vile/stable-diffusion-webui/venv/lib/python3.10/site-packages/xformers/ops/fmha/triton_splitk.py", line 619, in <module>
    _get_splitk_kernel(num_groups)
  File "/home/vile/stable-diffusion-webui/venv/lib/python3.10/site-packages/xformers/ops/fmha/triton_splitk.py", line 574, in _get_splitk_kernel
    _fwd_kernel_splitK_unrolled = unroll_varargs(_fwd_kernel_splitK, N=num_groups)
  File "/home/vile/stable-diffusion-webui/venv/lib/python3.10/site-packages/xformers/triton/vararg_kernel.py", line 167, in unroll_varargs
    jitted_fn.src = new_src
TypeError: JITCallable._set_src() takes 1 positional argument but 2 were given
