
################################################################
[1m[32mInstall script for stable-diffusion + Web UI
[1m[34mTested on Debian 11 (Bullseye), Fedora 34+ and openSUSE Leap 15.4 or newer.[0m
################################################################

################################################################
Running on [1m[32mvile[0m user
################################################################

################################################################
Repo already cloned, using it as install directory
################################################################

################################################################
Create and activate python venv
################################################################

################################################################
Launching launch.py...
################################################################
Python 3.10.20 (main, Mar  3 2026, 09:24:47) [GCC 13.3.0]
Version: f2.0.1v1.10.1-v1.10.1-3-g781d188fa
Commit hash: 781d188fa8e629d94e2b50842536f9dc181a31e1
Legacy Preprocessor init warning: Unable to install insightface automatically. Please try run `pip install insightface` manually.
Launching Web UI with arguments: --listen --port 7862 --xformers --lowvram --no-half-vae --inference-memory-limit 512 --listen --api --opt-sdp-attention --no-half-vae --disable-xformers
Arg --lowvram is removed in Forge.
Now memory management is fully automatic and you do not need any command flags.
Please just remove this flag.
In extreme cases, if you want to force previous lowvram/medvram behaviors, please use --always-offload-from-vram
Total VRAM 11901 MB, total RAM 31994 MB
pytorch version: 2.11.0+cu130
Set vram state to: NORMAL_VRAM
Device: cuda:0 NVIDIA GeForce RTX 3060 : native
Hint: your device supports --cuda-malloc for potential speed improvements.
VAE dtype preferences: [torch.bfloat16, torch.float32] -> torch.bfloat16
CUDA Using Stream: False
WARNING:bitsandbytes.cextension:Could not find the bitsandbytes CUDA binary at PosixPath('/home/vile/stable-diffusion-webui/venv/lib/python3.10/site-packages/bitsandbytes/libbitsandbytes_cuda130.so')
WARNING:bitsandbytes.cextension:The installed version of bitsandbytes was compiled without GPU support. 8-bit optimizers, 8-bit multiplication, and GPU quantization are unavailable.
Using pytorch cross attention
Using pytorch attention for VAE
WARNING:xformers:WARNING[XFORMERS]: xFormers can't load C++/CUDA extensions. xFormers was built for:
    PyTorch 2.3.1+cu121 with CUDA 1201 (you have 2.11.0+cu130)
    Python  3.10.14 (you have 3.10.20)
  Please reinstall xformers (see https://github.com/facebookresearch/xformers#installing-xformers)
  Memory-efficient attention, SwiGLU, sparse and more won't be available.
  Set XFORMERS_MORE_DETAILS=1 for more details
/home/vile/stable-diffusion-webui/venv/lib/python3.10/site-packages/xformers/ops/swiglu_op.py:128: FutureWarning: `torch.cuda.amp.custom_fwd(args...)` is deprecated. Please use `torch.amp.custom_fwd(args..., device_type='cuda')` instead.
  def forward(cls, ctx, x, w1, b1, w2, b2, w3, b3):
/home/vile/stable-diffusion-webui/venv/lib/python3.10/site-packages/xformers/ops/swiglu_op.py:149: FutureWarning: `torch.cuda.amp.custom_bwd(args...)` is deprecated. Please use `torch.amp.custom_bwd(args..., device_type='cuda')` instead.
  def backward(cls, ctx, dx5):
*** Error running preload() for /home/vile/stable-diffusion-webui/extensions/sd-webui-e621-tagger/preload.py
    Traceback (most recent call last):
      File "/home/vile/stable-diffusion-webui/modules/script_loading.py", line 30, in preload_extensions
        module = load_module(preload_script)
      File "/home/vile/stable-diffusion-webui/modules/script_loading.py", line 13, in load_module
        module_spec.loader.exec_module(module)
      File "<frozen importlib._bootstrap_external>", line 883, in exec_module
      File "<frozen importlib._bootstrap>", line 241, in _call_with_frames_removed
      File "/home/vile/stable-diffusion-webui/extensions/sd-webui-e621-tagger/preload.py", line 4, in <module>
        from modules.shared import models_path
    ImportError: cannot import name 'models_path' from partially initialized module 'modules.shared' (most likely due to a circular import) (/home/vile/stable-diffusion-webui/modules/shared.py)

---
usage: launch.py [-h] [--gpu-device-id DEVICE_ID]
                 [--all-in-fp32 | --all-in-fp16]
                 [--unet-in-bf16 | --unet-in-fp16 | --unet-in-fp8-e4m3fn | --unet-in-fp8-e5m2]
                 [--vae-in-fp16 | --vae-in-fp32 | --vae-in-bf16]
                 [--vae-in-cpu]
                 [--clip-in-fp8-e4m3fn | --clip-in-fp8-e5m2 | --clip-in-fp16 | --clip-in-fp32]
                 [--attention-split | --attention-quad | --attention-pytorch]
                 [--force-upcast-attention | --disable-attention-upcast]
                 [--disable-xformers] [--directml [DIRECTML_DEVICE]]
                 [--disable-ipex-hijack]
                 [--always-gpu | --always-high-vram | --always-normal-vram | --always-low-vram | --always-no-vram | --always-cpu]
                 [--always-offload-from-vram] [--pytorch-deterministic]
                 [--cuda-malloc] [--cuda-stream] [--pin-shared-memory]
                 [--disable-gpu-warning] [--update-all-extensions]
                 [--skip-python-version-check] [--skip-torch-cuda-test]
                 [--reinstall-xformers] [--reinstall-torch] [--update-check]
                 [--test-server] [--log-startup] [--skip-prepare-environment]
                 [--skip-google-blockly] [--skip-install] [--dump-sysinfo]
                 [--loglevel LOGLEVEL] [--do-not-download-clip]
                 [--data-dir DATA_DIR] [--models-dir MODELS_DIR]
                 [--config CONFIG] [--ckpt CKPT] [--ckpt-dir CKPT_DIR]
                 [--vae-dir VAE_DIR] [--text-encoder-dir TEXT_ENCODER_DIR]
                 [--gfpgan-dir GFPGAN_DIR] [--gfpgan-model GFPGAN_MODEL]
                 [--no-half] [--no-half-vae] [--no-progressbar-hiding]
                 [--max-batch-count MAX_BATCH_COUNT]
                 [--embeddings-dir EMBEDDINGS_DIR]
                 [--textual-inversion-templates-dir TEXTUAL_INVERSION_TEMPLATES_DIR]
                 [--hypernetwork-dir HYPERNETWORK_DIR]
                 [--localizations-dir LOCALIZATIONS_DIR] [--allow-code]
                 [--medvram] [--medvram-sdxl] [--lowvram] [--lowram]
                 [--always-batch-cond-uncond] [--unload-gfpgan]
                 [--precision {full,half,autocast}] [--upcast-sampling]
                 [--share] [--ngrok NGROK] [--ngrok-region NGROK_REGION]
                 [--ngrok-options NGROK_OPTIONS]
                 [--enable-insecure-extension-access]
                 [--codeformer-models-path CODEFORMER_MODELS_PATH]
                 [--gfpgan-models-path GFPGAN_MODELS_PATH]
                 [--esrgan-models-path ESRGAN_MODELS_PATH]
                 [--bsrgan-models-path BSRGAN_MODELS_PATH]
                 [--realesrgan-models-path REALESRGAN_MODELS_PATH]
                 [--dat-models-path DAT_MODELS_PATH]
                 [--clip-models-path CLIP_MODELS_PATH] [--xformers]
                 [--force-enable-xformers] [--xformers-flash-attention]
                 [--deepdanbooru] [--opt-split-attention]
                 [--opt-sub-quad-attention]
                 [--sub-quad-q-chunk-size SUB_QUAD_Q_CHUNK_SIZE]
                 [--sub-quad-kv-chunk-size SUB_QUAD_KV_CHUNK_SIZE]
                 [--sub-quad-chunk-threshold SUB_QUAD_CHUNK_THRESHOLD]
                 [--opt-split-attention-invokeai] [--opt-split-attention-v1]
                 [--opt-sdp-attention] [--opt-sdp-no-mem-attention]
                 [--disable-opt-split-attention] [--disable-nan-check]
                 [--use-cpu USE_CPU [USE_CPU ...]] [--use-ipex]
                 [--disable-model-loading-ram-optimization] [--listen]
                 [--port PORT] [--show-negative-prompt]
                 [--ui-config-file UI_CONFIG_FILE] [--hide-ui-dir-config]
                 [--freeze-settings]
                 [--freeze-settings-in-sections FREEZE_SETTINGS_IN_SECTIONS]
                 [--freeze-specific-settings FREEZE_SPECIFIC_SETTINGS]
                 [--ui-settings-file UI_SETTINGS_FILE] [--gradio-debug]
                 [--gradio-auth GRADIO_AUTH]
                 [--gradio-auth-path GRADIO_AUTH_PATH]
                 [--gradio-img2img-tool GRADIO_IMG2IMG_TOOL]
                 [--gradio-inpaint-tool GRADIO_INPAINT_TOOL]
                 [--gradio-allowed-path GRADIO_ALLOWED_PATH]
                 [--opt-channelslast] [--styles-file STYLES_FILE]
                 [--autolaunch] [--theme THEME] [--use-textbox-seed]
                 [--disable-console-progressbars] [--enable-console-prompts]
                 [--vae-path VAE_PATH] [--disable-safe-unpickle] [--api]
                 [--api-auth API_AUTH] [--api-log] [--nowebui]
                 [--ui-debug-mode] [--device-id DEVICE_ID] [--administrator]
                 [--cors-allow-origins CORS_ALLOW_ORIGINS]
                 [--cors-allow-origins-regex CORS_ALLOW_ORIGINS_REGEX]
                 [--tls-keyfile TLS_KEYFILE] [--tls-certfile TLS_CERTFILE]
                 [--disable-tls-verify] [--server-name SERVER_NAME]
                 [--gradio-queue] [--no-gradio-queue] [--skip-version-check]
                 [--no-hashing] [--no-download-sd-model] [--subpath SUBPATH]
                 [--add-stop-route] [--api-server-stop]
                 [--timeout-keep-alive TIMEOUT_KEEP_ALIVE]
                 [--disable-all-extensions] [--disable-extra-extensions]
                 [--skip-load-model-at-start] [--unix-filenames-sanitization]
                 [--filenames-max-length FILENAMES_MAX_LENGTH]
                 [--no-prompt-history]
                 [--forge-ref-a1111-home FORGE_REF_A1111_HOME]
                 [--controlnet-dir CONTROLNET_DIR]
                 [--controlnet-preprocessor-models-dir CONTROLNET_PREPROCESSOR_MODELS_DIR]
                 [--ad-no-huggingface] [--image-browser-tmp-db]
                 [--scunet-models-path SCUNET_MODELS_PATH]
                 [--swinir-models-path SWINIR_MODELS_PATH]
                 [--controlnet-loglevel {DEBUG,INFO,WARNING,ERROR,CRITICAL}]
                 [--controlnet-tracemalloc] [--lora-dir LORA_DIR]
                 [--lyco-dir-backcompat LYCO_DIR_BACKCOMPAT]
launch.py: error: unrecognized arguments: --inference-memory-limit 512
