=============================================================================================
INCOMPATIBLE PYTHON VERSION

This program is tested with 3.10.6 Python, but you have 3.12.3.
If you encounter an error with "RuntimeError: Couldn't install torch." message,
or any other error regarding unsuccessful package (library) installation,
please downgrade (or upgrade) to the latest version of 3.10 Python
and delete current Python and "venv" folder in WebUI's directory.

You can download 3.10 Python from here: https://www.python.org/downloads/release/python-3106/



Use --skip-python-version-check to suppress this warning.
=============================================================================================
error: externally-managed-environment

× This environment is externally managed
╰─> To install Python packages system-wide, try apt install
    python3-xyz, where xyz is the package you are trying to
    install.
    
    If you wish to install a non-Debian-packaged Python package,
    create a virtual environment using python3 -m venv path/to/venv.
    Then use path/to/venv/bin/python and path/to/venv/bin/pip. Make
    sure you have python3-full installed.
    
    If you wish to install a non-Debian packaged Python application,
    it may be easiest to use pipx install xyz, which will manage a
    virtual environment for you. Make sure you have pipx installed.
    
    See /usr/share/doc/python3.12/README.venv for more information.

note: If you believe this is a mistake, please contact your Python installation or OS distribution provider. You can override this, at the risk of breaking your Python installation or OS, by passing --break-system-packages.
hint: See PEP 668 for the detailed specification.
Python 3.12.3 (main, Mar  3 2026, 12:15:18) [GCC 13.3.0]
Version: f2.0.1v1.10.1-v1.10.1
Commit hash: 82a973c04367123ae98bd9abdf80d9eda9b910e2
Installing torch and torchvision
Traceback (most recent call last):
  File "/home/vile/stable-diffusion-webui/launch.py", line 48, in <module>
    main()
  File "/home/vile/stable-diffusion-webui/launch.py", line 39, in main
    prepare_environment()
  File "/home/vile/stable-diffusion-webui/modules/launch_utils.py", line 428, in prepare_environment
    run(f'"{python}" -m {torch_command}', "Installing torch and torchvision", "Couldn't install torch", live=True)
  File "/home/vile/stable-diffusion-webui/modules/launch_utils.py", line 125, in run
    raise RuntimeError("\n".join(error_bits))
RuntimeError: Couldn't install torch.
Command: "/usr/bin/python3" -m pip install torch==2.3.1 torchvision==0.18.1 --extra-index-url https://download.pytorch.org/whl/cu121
Error code: 1
